ebelova/nstx24% srun -n 16 -c 16 --cpu_bind=cores ./tkin_read_mpi.x
 master proc=           0 nprocs=          16
 I_phi=   46.000000000000000     
 Reading psi BCs from file=psi_bc.dat
 z range=  -31.120300000000000        31.120300000000000        vs zc=   32.145378151260509     
 r range=   3.1120299999999999        33.195000000000000        vs rci,rc=   2.5305084745762709        33.069491525423729     
 I_phi(calcul)=   33.779354798478728     
 # of iterations=         101     err=  0.10577496716595824     
 **** q0=  -1.1899999999999999     
 ===============================
 # of interations in j_i=          57     err=  0.70788460712606138     
 ===============================
 *** err1=   87.408404635883414     
 
 I_phi(calcul)=   49.587325057643604     
 # of iterations=          11     err=  0.10295081723953103     
 **** q0=  -1.1711583659847933     
 ===============================
 # of interations in j_i=          57     err=  0.66892576178622676     
 ===============================
 *** err1=   2.4924978321385751     
 
 I_phi(calcul)=   46.213781518442225     
 # of iterations=           3     err=  0.10651599236568643     
 **** q0=  -1.1723707861139328     
 ===============================
 # of interations in j_i=          57     err=  0.66771872012714084     
 ===============================
 *** err1=  0.36626181219722298     
 
 I_phi(calcul)=   46.005214895440730     
 # of iterations=           1     err=  0.10018963669298842     
 **** q0=  -1.1723598028126012     
 ===============================
 # of interations in j_i=          57     err=  0.66742939697007841     
 ===============================
 *** err1=  0.10018963669298842     
 
 ===============================
 # of interations in j_i=          57     err=  0.68046080196779712     
 ===============================
 I_i_phi/I_phi=    9.6347869859054400E-002
 J_i_max/J_b_max(z,r,phi)=   0.12209497586234981       0.10623067926374904       0.15482365937581696     
  
 R0=   20.950847457627120         alphah1=  0.23270176094635164         alphah2=  0.11171905979606363         psi0=  -108.50476429721618     
 q0=  -1.1774187800593283          <beta>=   1.7293527113284551E-002
  
  
 Rs=   31.130508474576271       Zs=   32.145378151260509     
  
 GS solver time =  0.31385459733333410      min
 Jb+Ji-curl(B)=   9.6437604251797061E-005   4.7959937525297175E-005   1.9852590544944676E-003
 |J_pol|=   3.4724001926049269E-002   J_phi=  0.14464849549809827     
 rhoc=  0.10000000000000001     
 F= -div(v*mom)-grad(p)+(J-Ji)xB=   4.4374915847206285E-004   7.4824439743985968E-004   6.6786853825107073E-017
 
 jmin,jmax=          15          61   9.3169491525423727        31.615254237288138     
 ***************************
 min/max(zm)=  -26.911711247335703        26.982027891624391     
 ***************************
 N-out=          26
 ========Check initial loading=========
 rmax0=   7.7950849468918906E-002    rmax1=   7.7133290419478071E-002
 delta_n=   3.7910551411374643E-003
 delta_n=   3.1126287586430990E-003
 ========================================

